<?xml version="1.0"?>
<!DOCTYPE GXL SYSTEM "GXL.dtd">
<!--This file has been automatically created by HyperGraph.-->
<gxl>
  <graph id="id_12376625569370.03336190012078932">
  <!--Group section-->
  <!--Node section-->
    <node id="id_12376625569840.3626970241323775" >
      <attr name="label"><string>id_12376625569840.3626970241323775</string></attr>
    </node>
    <node id="id_12376625569840.6265942537806513" >
      <attr name="label"><string>id_12376625569840.6265942537806513</string></attr>
    </node>
    <node id="id_12376625569840.9202345253766594" >
      <attr name="label"><string>id_12376625569840.9202345253766594</string></attr>
    </node>
    <node id="id_12376625569840.2729841933837238" >
      <attr name="label"><string>id_12376625569840.2729841933837238</string></attr>
    </node>
    <node id="id_12376625569840.6586668872410093" >
      <attr name="label"><string>id_12376625569840.6586668872410093</string></attr>
    </node>
    <node id="id_12376625569840.5850222499071464" >
      <attr name="label"><string>id_12376625569840.5850222499071464</string></attr>
    </node>
    <node id="id_12376625569840.32558868667973107" >
      <attr name="label"><string>id_12376625569840.32558868667973107</string></attr>
    </node>
    <node id="id_12376625569840.6848154958630657" >
      <attr name="label"><string>id_12376625569840.6848154958630657</string></attr>
    </node>
    <node id="id_12376625569840.8043194532611251" >
      <attr name="label"><string>id_12376625569840.8043194532611251</string></attr>
    </node>
    <node id="id_12376625569840.41123374745547525" >
      <attr name="label"><string>id_12376625569840.41123374745547525</string></attr>
    </node>
    <node id="id_12376625569840.302692628928244" >
      <attr name="label"><string>id_12376625569840.302692628928244</string></attr>
    </node>
    <node id="id_12376625569840.766119194623429" >
      <attr name="label"><string>id_12376625569840.766119194623429</string></attr>
    </node>
    <node id="id_12376625569840.6481222174449435" >
      <attr name="label"><string>id_12376625569840.6481222174449435</string></attr>
    </node>
    <node id="id_12376625569840.002897234275140992" >
      <attr name="label"><string>id_12376625569840.002897234275140992</string></attr>
    </node>
    <node id="id_12376625569840.6241173904754068" >
      <attr name="label"><string>id_12376625569840.6241173904754068</string></attr>
    </node>
    <node id="id_12376625569840.49578219142526025" >
      <attr name="label"><string>id_12376625569840.49578219142526025</string></attr>
    </node>
    <node id="id_12376625569840.7757756224522008" >
      <attr name="label"><string>id_12376625569840.7757756224522008</string></attr>
    </node>
    <node id="id_12376625569840.11888038398381706" >
      <attr name="label"><string>id_12376625569840.11888038398381706</string></attr>
    </node>
    <node id="id_12376625569840.8309679305083479" >
      <attr name="label"><string>id_12376625569840.8309679305083479</string></attr>
    </node>
    <node id="id_12376625569840.6295962531584315" >
      <attr name="label"><string>id_12376625569840.6295962531584315</string></attr>
    </node>
    <node id="id_12376625569840.46383404202100453" >
      <attr name="label"><string>id_12376625569840.46383404202100453</string></attr>
    </node>
    <node id="id_12376625569840.7361063165945042" >
      <attr name="label"><string>id_12376625569840.7361063165945042</string></attr>
    </node>
    <node id="id_12376625569840.6998040772223365" >
      <attr name="label"><string>id_12376625569840.6998040772223365</string></attr>
    </node>
    <node id="id_12376625569840.7132265633231013" >
      <attr name="label"><string>id_12376625569840.7132265633231013</string></attr>
    </node>
    <node id="id_12376625569840.1709230450029019" >
      <attr name="label"><string>id_12376625569840.1709230450029019</string></attr>
    </node>
    <node id="id_12376625569840.41383886160468" >
      <attr name="label"><string>id_12376625569840.41383886160468</string></attr>
    </node>
    <node id="id_12376625569840.8092113995607421" >
      <attr name="label"><string>id_12376625569840.8092113995607421</string></attr>
    </node>
    <node id="id_12376625569840.013233264340753337" >
      <attr name="label"><string>id_12376625569840.013233264340753337</string></attr>
    </node>
    <node id="id_12376625569840.5698251855789271" >
      <attr name="label"><string>id_12376625569840.5698251855789271</string></attr>
    </node>
    <node id="id_12376625569840.7059186841896273" >
      <attr name="label"><string>id_12376625569840.7059186841896273</string></attr>
    </node>
    <node id="id_12376625569840.4364217689802977" >
      <attr name="label"><string>id_12376625569840.4364217689802977</string></attr>
    </node>
    <node id="id_12376625569840.31689779684628716" >
      <attr name="label"><string>id_12376625569840.31689779684628716</string></attr>
    </node>
    <node id="id_12376625569840.994012146753922" >
      <attr name="label"><string>id_12376625569840.994012146753922</string></attr>
    </node>
    <node id="id_12376625569840.9150485099189325" >
      <attr name="label"><string>id_12376625569840.9150485099189325</string></attr>
    </node>
    <node id="id_12376625569840.21265695519112382" >
      <attr name="label"><string>id_12376625569840.21265695519112382</string></attr>
    </node>
    <node id="id_12376625569840.3887254408375649" >
      <attr name="label"><string>id_12376625569840.3887254408375649</string></attr>
    </node>
    <node id="id_12376625569840.6654888194102516" >
      <attr name="label"><string>id_12376625569840.6654888194102516</string></attr>
    </node>
    <node id="id_12376625569840.5560734925785834" >
      <attr name="label"><string>id_12376625569840.5560734925785834</string></attr>
    </node>
    <node id="id_12376625569840.05686729183082284" >
      <attr name="label"><string>id_12376625569840.05686729183082284</string></attr>
    </node>
    <node id="id_12376625569840.040568656054130625" >
      <attr name="label"><string>id_12376625569840.040568656054130625</string></attr>
    </node>
    <node id="id_12376625569840.31759474622782946" >
      <attr name="label"><string>id_12376625569840.31759474622782946</string></attr>
    </node>
    <node id="id_12376625569840.1760023530478908" >
      <attr name="label"><string>id_12376625569840.1760023530478908</string></attr>
    </node>
    <node id="id_12376625569840.6331681661999274" >
      <attr name="label"><string>id_12376625569840.6331681661999274</string></attr>
    </node>
    <node id="id_12376625569840.5345406117411711" >
      <attr name="label"><string>id_12376625569840.5345406117411711</string></attr>
    </node>
    <node id="id_12376625569840.7744130468023366" >
      <attr name="label"><string>id_12376625569840.7744130468023366</string></attr>
    </node>
    <node id="id_12376625569840.3770232962794615" >
      <attr name="label"><string>id_12376625569840.3770232962794615</string></attr>
    </node>
    <node id="id_12376625569840.7653319452153183" >
      <attr name="label"><string>id_12376625569840.7653319452153183</string></attr>
    </node>
    <node id="id_12376625569680.5340005385893387" >
      <attr name="label"><string>id_12376625569680.5340005385893387</string></attr>
    </node>
    <node id="id_12376625569840.9242815227292102" >
      <attr name="label"><string>id_12376625569840.9242815227292102</string></attr>
    </node>
    <node id="id_12376625569840.4341158849780956" >
      <attr name="label"><string>id_12376625569840.4341158849780956</string></attr>
    </node>
    <node id="id_12376625569840.8076997619842261" >
      <attr name="label"><string>id_12376625569840.8076997619842261</string></attr>
    </node>
    <node id="id_12376625569840.2722586190490308" >
      <attr name="label"><string>id_12376625569840.2722586190490308</string></attr>
    </node>
    <node id="id_12376625569840.3092405107419347" >
      <attr name="label"><string>id_12376625569840.3092405107419347</string></attr>
    </node>
    <node id="id_12376625569840.19307184375586084" >
      <attr name="label"><string>id_12376625569840.19307184375586084</string></attr>
    </node>
    <node id="id_12376625569840.6413296588951919" >
      <attr name="label"><string>id_12376625569840.6413296588951919</string></attr>
    </node>
    <node id="id_12376625569840.8925247693011388" >
      <attr name="label"><string>id_12376625569840.8925247693011388</string></attr>
    </node>
    <node id="id_12376625569840.4573098326395806" >
      <attr name="label"><string>id_12376625569840.4573098326395806</string></attr>
    </node>
    <node id="id_12376625569840.36685397645443285" >
      <attr name="label"><string>id_12376625569840.36685397645443285</string></attr>
    </node>
    <node id="id_12376625569840.9884239852878065" >
      <attr name="label"><string>id_12376625569840.9884239852878065</string></attr>
    </node>
    <node id="id_12376625569840.04813876337737599" >
      <attr name="label"><string>id_12376625569840.04813876337737599</string></attr>
    </node>
    <node id="id_12376625569840.6149611672948192" >
      <attr name="label"><string>id_12376625569840.6149611672948192</string></attr>
    </node>
    <node id="id_12376625569840.2885086337302174" >
      <attr name="label"><string>id_12376625569840.2885086337302174</string></attr>
    </node>
    <node id="id_12376625569840.964423320193191" >
      <attr name="label"><string>id_12376625569840.964423320193191</string></attr>
    </node>
  <!--Edge section-->
    <edge id="id_12376625569840.2827269326414631" from="id_12376625569840.6331681661999274" to="id_12376625569840.6848154958630657" >
    </edge>
    <edge id="id_12376625569840.9972764299700115" from="id_12376625569840.7059186841896273" to="id_12376625569840.302692628928244" >
    </edge>
    <edge id="id_12376625569840.3970381858573223" from="id_12376625569840.31689779684628716" to="id_12376625569840.8076997619842261" >
    </edge>
    <edge id="id_12376625569840.994551114408987" from="id_12376625569840.8043194532611251" to="id_12376625569840.3626970241323775" >
    </edge>
    <edge id="id_12376625569840.47602141379502005" from="id_12376625569840.1709230450029019" to="id_12376625569840.4341158849780956" >
    </edge>
    <edge id="id_12376625569840.3909415042317316" from="id_12376625569840.7757756224522008" to="id_12376625569840.3092405107419347" >
    </edge>
    <edge id="id_12376625569840.24438145673813205" from="id_12376625569840.31689779684628716" to="id_12376625569840.6481222174449435" >
    </edge>
    <edge id="id_12376625569840.39640607071605427" from="id_12376625569840.11888038398381706" to="id_12376625569840.4573098326395806" >
    </edge>
    <edge id="id_12376625569840.2968138436276486" from="id_12376625569840.3887254408375649" to="id_12376625569840.04813876337737599" >
    </edge>
    <edge id="id_12376625569840.25882585568753536" from="id_12376625569840.5560734925785834" to="id_12376625569840.6654888194102516" >
    </edge>
    <edge id="id_12376625569840.18515171094267913" from="id_12376625569840.040568656054130625" to="id_12376625569840.8309679305083479" >
    </edge>
    <edge id="id_12376625569840.07265675306877595" from="id_12376625569840.5345406117411711" to="id_12376625569840.7653319452153183" >
    </edge>
    <edge id="id_12376625569840.35004116404411423" from="id_12376625569840.11888038398381706" to="id_12376625569840.6265942537806513" >
    </edge>
    <edge id="id_12376625569840.4917522151728998" from="id_12376625569680.5340005385893387" to="id_12376625569840.994012146753922" >
    </edge>
    <edge id="id_12376625569840.89412761937945" from="id_12376625569840.6586668872410093" to="id_12376625569840.21265695519112382" >
    </edge>
    <edge id="id_12376625569840.5416237263232772" from="id_12376625569840.994012146753922" to="id_12376625569840.05686729183082284" >
    </edge>
    <edge id="id_12376625569840.8156675902924666" from="id_12376625569840.04813876337737599" to="id_12376625569840.6149611672948192" >
    </edge>
    <edge id="id_12376625569840.048568079508703565" from="id_12376625569840.6998040772223365" to="id_12376625569840.19307184375586084" >
    </edge>
    <edge id="id_12376625569840.35988504728773374" from="id_12376625569840.8076997619842261" to="id_12376625569840.6241173904754068" >
    </edge>
    <edge id="id_12376625569840.28058248895741555" from="id_12376625569840.6331681661999274" to="id_12376625569840.32558868667973107" >
    </edge>
    <edge id="id_12376625569840.3939525990853283" from="id_12376625569840.5560734925785834" to="id_12376625569840.3770232962794615" >
    </edge>
    <edge id="id_12376625569840.13701210854299073" from="id_12376625569840.766119194623429" to="id_12376625569840.46383404202100453" >
    </edge>
    <edge id="id_12376625569840.4371444386973623" from="id_12376625569840.36685397645443285" to="id_12376625569840.7059186841896273" >
    </edge>
    <edge id="id_12376625569840.7121819254244551" from="id_12376625569840.040568656054130625" to="id_12376625569840.002897234275140992" >
    </edge>
    <edge id="id_12376625569840.5171356692765969" from="id_12376625569840.04813876337737599" to="id_12376625569840.9884239852878065" >
    </edge>
    <edge id="id_12376625569840.5645636548990026" from="id_12376625569840.31759474622782946" to="id_12376625569840.5560734925785834" >
    </edge>
    <edge id="id_12376625569840.04362215460002106" from="id_12376625569840.766119194623429" to="id_12376625569840.49578219142526025" >
    </edge>
    <edge id="id_12376625569840.10313884593238287" from="id_12376625569840.8043194532611251" to="id_12376625569840.2729841933837238" >
    </edge>
    <edge id="id_12376625569840.8035905265455355" from="id_12376625569840.3887254408375649" to="id_12376625569840.11888038398381706" >
    </edge>
    <edge id="id_12376625569840.0749082395567926" from="id_12376625569840.31759474622782946" to="id_12376625569840.6998040772223365" >
    </edge>
    <edge id="id_12376625569840.2850699261370465" from="id_12376625569840.013233264340753337" to="id_12376625569840.31689779684628716" >
    </edge>
    <edge id="id_12376625569840.8606647507589885" from="id_12376625569840.1709230450029019" to="id_12376625569840.6413296588951919" >
    </edge>
    <edge id="id_12376625569840.4620251289516404" from="id_12376625569840.41123374745547525" to="id_12376625569840.1760023530478908" >
    </edge>
    <edge id="id_12376625569840.9888446338696261" from="id_12376625569840.5345406117411711" to="id_12376625569840.7132265633231013" >
    </edge>
    <edge id="id_12376625569840.8307306094188837" from="id_12376625569680.5340005385893387" to="id_12376625569840.36685397645443285" >
    </edge>
    <edge id="id_12376625569840.17403712171174668" from="id_12376625569840.994012146753922" to="id_12376625569840.013233264340753337" >
    </edge>
    <edge id="id_12376625569840.7114086483695583" from="id_12376625569840.4364217689802977" to="id_12376625569840.6295962531584315" >
    </edge>
    <edge id="id_12376625569840.23159144506754947" from="id_12376625569840.9242815227292102" to="id_12376625569840.9202345253766594" >
    </edge>
    <edge id="id_12376625569840.32139363787521924" from="id_12376625569840.9202345253766594" to="id_12376625569840.6331681661999274" >
    </edge>
    <edge id="id_12376625569840.3870234134399064" from="id_12376625569840.8076997619842261" to="id_12376625569840.2885086337302174" >
    </edge>
    <edge id="id_12376625569840.20780509531310498" from="id_12376625569840.9242815227292102" to="id_12376625569840.9150485099189325" >
    </edge>
    <edge id="id_12376625569840.321721483328986" from="id_12376625569840.7361063165945042" to="id_12376625569840.6586668872410093" >
    </edge>
    <edge id="id_12376625569840.4291803370138436" from="id_12376625569840.302692628928244" to="id_12376625569840.7757756224522008" >
    </edge>
    <edge id="id_12376625569840.2786443682159656" from="id_12376625569840.6481222174449435" to="id_12376625569840.8092113995607421" >
    </edge>
    <edge id="id_12376625569840.011251048793096463" from="id_12376625569840.7757756224522008" to="id_12376625569840.2722586190490308" >
    </edge>
    <edge id="id_12376625569840.918060431753861" from="id_12376625569840.302692628928244" to="id_12376625569840.766119194623429" >
    </edge>
    <edge id="id_12376625569840.2222154022264552" from="id_12376625569840.6295962531584315" to="id_12376625569840.8925247693011388" >
    </edge>
    <edge id="id_12376625569840.3128621477236251" from="id_12376625569840.7361063165945042" to="id_12376625569840.41123374745547525" >
    </edge>
    <edge id="id_12376625569840.611156679134253" from="id_12376625569840.6481222174449435" to="id_12376625569840.964423320193191" >
    </edge>
    <edge id="id_12376625569840.5207711569623833" from="id_12376625569840.05686729183082284" to="id_12376625569840.31759474622782946" >
    </edge>
    <edge id="id_12376625569840.20221100721646634" from="id_12376625569840.9150485099189325" to="id_12376625569840.1709230450029019" >
    </edge>
    <edge id="id_12376625569840.42980539673395524" from="id_12376625569840.36685397645443285" to="id_12376625569840.9242815227292102" >
    </edge>
    <edge id="id_12376625569840.49147204303507763" from="id_12376625569840.9202345253766594" to="id_12376625569840.040568656054130625" >
    </edge>
    <edge id="id_12376625569840.5114467139259009" from="id_12376625569840.6295962531584315" to="id_12376625569840.5698251855789271" >
    </edge>
    <edge id="id_12376625569840.9245975046393233" from="id_12376625569840.6998040772223365" to="id_12376625569840.5850222499071464" >
    </edge>
    <edge id="id_12376625569840.9217282064295239" from="id_12376625569840.7059186841896273" to="id_12376625569840.7361063165945042" >
    </edge>
    <edge id="id_12376625569840.1825911438539437" from="id_12376625569840.6586668872410093" to="id_12376625569840.41383886160468" >
    </edge>
    <edge id="id_12376625569840.6667191561638749" from="id_12376625569840.013233264340753337" to="id_12376625569840.3887254408375649" >
    </edge>
    <edge id="id_12376625569840.13618712866602556" from="id_12376625569840.05686729183082284" to="id_12376625569840.4364217689802977" >
    </edge>
    <edge id="id_12376625569840.9347787625073921" from="id_12376625569840.4364217689802977" to="id_12376625569840.8043194532611251" >
    </edge>
    <edge id="id_12376625569840.15431272384025407" from="id_12376625569840.41123374745547525" to="id_12376625569840.7744130468023366" >
    </edge>
    <edge id="id_12376625569840.25782869360904126" from="id_12376625569840.9150485099189325" to="id_12376625569840.5345406117411711" >
    </edge>
  </graph>
</gxl>
