<?xml version="1.0"?>
<!DOCTYPE GraphXML SYSTEM "GraphXML.dtd">
<!--This file has been automatically created by HyperGraph.-->
<GraphXML>
  <graph>
  <!--Group section-->
  <!--Node section-->
    <node name="id_12376625569840.3626970241323775" >
      <label>id_12376625569840.3626970241323775</label>
    </node>
    <node name="id_12376625569840.6265942537806513" >
      <label>id_12376625569840.6265942537806513</label>
    </node>
    <node name="id_12376625569840.9202345253766594" >
      <label>id_12376625569840.9202345253766594</label>
    </node>
    <node name="id_12376625569840.2729841933837238" >
      <label>id_12376625569840.2729841933837238</label>
    </node>
    <node name="id_12376625569840.6586668872410093" >
      <label>id_12376625569840.6586668872410093</label>
    </node>
    <node name="id_12376625569840.5850222499071464" >
      <label>id_12376625569840.5850222499071464</label>
    </node>
    <node name="id_12376625569840.32558868667973107" >
      <label>id_12376625569840.32558868667973107</label>
    </node>
    <node name="id_12376625569840.6848154958630657" >
      <label>id_12376625569840.6848154958630657</label>
    </node>
    <node name="id_12376625569840.8043194532611251" >
      <label>id_12376625569840.8043194532611251</label>
    </node>
    <node name="id_12376625569840.41123374745547525" >
      <label>id_12376625569840.41123374745547525</label>
    </node>
    <node name="id_12376625569840.302692628928244" >
      <label>id_12376625569840.302692628928244</label>
    </node>
    <node name="id_12376625569840.766119194623429" >
      <label>id_12376625569840.766119194623429</label>
    </node>
    <node name="id_12376625569840.6481222174449435" >
      <label>id_12376625569840.6481222174449435</label>
    </node>
    <node name="id_12376625569840.002897234275140992" >
      <label>id_12376625569840.002897234275140992</label>
    </node>
    <node name="id_12376625569840.6241173904754068" >
      <label>id_12376625569840.6241173904754068</label>
    </node>
    <node name="id_12376625569840.49578219142526025" >
      <label>id_12376625569840.49578219142526025</label>
    </node>
    <node name="id_12376625569840.7757756224522008" >
      <label>id_12376625569840.7757756224522008</label>
    </node>
    <node name="id_12376625569840.11888038398381706" >
      <label>id_12376625569840.11888038398381706</label>
    </node>
    <node name="id_12376625569840.8309679305083479" >
      <label>id_12376625569840.8309679305083479</label>
    </node>
    <node name="id_12376625569840.6295962531584315" >
      <label>id_12376625569840.6295962531584315</label>
    </node>
    <node name="id_12376625569840.46383404202100453" >
      <label>id_12376625569840.46383404202100453</label>
    </node>
    <node name="id_12376625569840.7361063165945042" >
      <label>id_12376625569840.7361063165945042</label>
    </node>
    <node name="id_12376625569840.6998040772223365" >
      <label>id_12376625569840.6998040772223365</label>
    </node>
    <node name="id_12376625569840.7132265633231013" >
      <label>id_12376625569840.7132265633231013</label>
    </node>
    <node name="id_12376625569840.1709230450029019" >
      <label>id_12376625569840.1709230450029019</label>
    </node>
    <node name="id_12376625569840.41383886160468" >
      <label>id_12376625569840.41383886160468</label>
    </node>
    <node name="id_12376625569840.8092113995607421" >
      <label>id_12376625569840.8092113995607421</label>
    </node>
    <node name="id_12376625569840.013233264340753337" >
      <label>id_12376625569840.013233264340753337</label>
    </node>
    <node name="id_12376625569840.5698251855789271" >
      <label>id_12376625569840.5698251855789271</label>
    </node>
    <node name="id_12376625569840.7059186841896273" >
      <label>id_12376625569840.7059186841896273</label>
    </node>
    <node name="id_12376625569840.4364217689802977" >
      <label>id_12376625569840.4364217689802977</label>
    </node>
    <node name="id_12376625569840.31689779684628716" >
      <label>id_12376625569840.31689779684628716</label>
    </node>
    <node name="id_12376625569840.994012146753922" >
      <label>id_12376625569840.994012146753922</label>
    </node>
    <node name="id_12376625569840.9150485099189325" >
      <label>id_12376625569840.9150485099189325</label>
    </node>
    <node name="id_12376625569840.21265695519112382" >
      <label>id_12376625569840.21265695519112382</label>
    </node>
    <node name="id_12376625569840.3887254408375649" >
      <label>id_12376625569840.3887254408375649</label>
    </node>
    <node name="id_12376625569840.6654888194102516" >
      <label>id_12376625569840.6654888194102516</label>
    </node>
    <node name="id_12376625569840.5560734925785834" >
      <label>id_12376625569840.5560734925785834</label>
    </node>
    <node name="id_12376625569840.05686729183082284" >
      <label>id_12376625569840.05686729183082284</label>
    </node>
    <node name="id_12376625569840.040568656054130625" >
      <label>id_12376625569840.040568656054130625</label>
    </node>
    <node name="id_12376625569840.31759474622782946" >
      <label>id_12376625569840.31759474622782946</label>
    </node>
    <node name="id_12376625569840.1760023530478908" >
      <label>id_12376625569840.1760023530478908</label>
    </node>
    <node name="id_12376625569840.6331681661999274" >
      <label>id_12376625569840.6331681661999274</label>
    </node>
    <node name="id_12376625569840.5345406117411711" >
      <label>id_12376625569840.5345406117411711</label>
    </node>
    <node name="id_12376625569840.7744130468023366" >
      <label>id_12376625569840.7744130468023366</label>
    </node>
    <node name="id_12376625569840.3770232962794615" >
      <label>id_12376625569840.3770232962794615</label>
    </node>
    <node name="id_12376625569840.7653319452153183" >
      <label>id_12376625569840.7653319452153183</label>
    </node>
    <node name="id_12376625569680.5340005385893387" >
      <label>id_12376625569680.5340005385893387</label>
    </node>
    <node name="id_12376625569840.9242815227292102" >
      <label>id_12376625569840.9242815227292102</label>
    </node>
    <node name="id_12376625569840.4341158849780956" >
      <label>id_12376625569840.4341158849780956</label>
    </node>
    <node name="id_12376625569840.8076997619842261" >
      <label>id_12376625569840.8076997619842261</label>
    </node>
    <node name="id_12376625569840.2722586190490308" >
      <label>id_12376625569840.2722586190490308</label>
    </node>
    <node name="id_12376625569840.3092405107419347" >
      <label>id_12376625569840.3092405107419347</label>
    </node>
    <node name="id_12376625569840.19307184375586084" >
      <label>id_12376625569840.19307184375586084</label>
    </node>
    <node name="id_12376625569840.6413296588951919" >
      <label>id_12376625569840.6413296588951919</label>
    </node>
    <node name="id_12376625569840.8925247693011388" >
      <label>id_12376625569840.8925247693011388</label>
    </node>
    <node name="id_12376625569840.4573098326395806" >
      <label>id_12376625569840.4573098326395806</label>
    </node>
    <node name="id_12376625569840.36685397645443285" >
      <label>id_12376625569840.36685397645443285</label>
    </node>
    <node name="id_12376625569840.9884239852878065" >
      <label>id_12376625569840.9884239852878065</label>
    </node>
    <node name="id_12376625569840.04813876337737599" >
      <label>id_12376625569840.04813876337737599</label>
    </node>
    <node name="id_12376625569840.6149611672948192" >
      <label>id_12376625569840.6149611672948192</label>
    </node>
    <node name="id_12376625569840.2885086337302174" >
      <label>id_12376625569840.2885086337302174</label>
    </node>
    <node name="id_12376625569840.964423320193191" >
      <label>id_12376625569840.964423320193191</label>
    </node>
  <!--Edge section-->
    <edge name="id_12376625569840.2827269326414631" source="id_12376625569840.6331681661999274" target="id_12376625569840.6848154958630657" >
    </edge>
    <edge name="id_12376625569840.9972764299700115" source="id_12376625569840.7059186841896273" target="id_12376625569840.302692628928244" >
    </edge>
    <edge name="id_12376625569840.3970381858573223" source="id_12376625569840.31689779684628716" target="id_12376625569840.8076997619842261" >
    </edge>
    <edge name="id_12376625569840.994551114408987" source="id_12376625569840.8043194532611251" target="id_12376625569840.3626970241323775" >
    </edge>
    <edge name="id_12376625569840.47602141379502005" source="id_12376625569840.1709230450029019" target="id_12376625569840.4341158849780956" >
    </edge>
    <edge name="id_12376625569840.3909415042317316" source="id_12376625569840.7757756224522008" target="id_12376625569840.3092405107419347" >
    </edge>
    <edge name="id_12376625569840.24438145673813205" source="id_12376625569840.31689779684628716" target="id_12376625569840.6481222174449435" >
    </edge>
    <edge name="id_12376625569840.39640607071605427" source="id_12376625569840.11888038398381706" target="id_12376625569840.4573098326395806" >
    </edge>
    <edge name="id_12376625569840.2968138436276486" source="id_12376625569840.3887254408375649" target="id_12376625569840.04813876337737599" >
    </edge>
    <edge name="id_12376625569840.25882585568753536" source="id_12376625569840.5560734925785834" target="id_12376625569840.6654888194102516" >
    </edge>
    <edge name="id_12376625569840.18515171094267913" source="id_12376625569840.040568656054130625" target="id_12376625569840.8309679305083479" >
    </edge>
    <edge name="id_12376625569840.07265675306877595" source="id_12376625569840.5345406117411711" target="id_12376625569840.7653319452153183" >
    </edge>
    <edge name="id_12376625569840.35004116404411423" source="id_12376625569840.11888038398381706" target="id_12376625569840.6265942537806513" >
    </edge>
    <edge name="id_12376625569840.4917522151728998" source="id_12376625569680.5340005385893387" target="id_12376625569840.994012146753922" >
    </edge>
    <edge name="id_12376625569840.89412761937945" source="id_12376625569840.6586668872410093" target="id_12376625569840.21265695519112382" >
    </edge>
    <edge name="id_12376625569840.5416237263232772" source="id_12376625569840.994012146753922" target="id_12376625569840.05686729183082284" >
    </edge>
    <edge name="id_12376625569840.8156675902924666" source="id_12376625569840.04813876337737599" target="id_12376625569840.6149611672948192" >
    </edge>
    <edge name="id_12376625569840.048568079508703565" source="id_12376625569840.6998040772223365" target="id_12376625569840.19307184375586084" >
    </edge>
    <edge name="id_12376625569840.35988504728773374" source="id_12376625569840.8076997619842261" target="id_12376625569840.6241173904754068" >
    </edge>
    <edge name="id_12376625569840.28058248895741555" source="id_12376625569840.6331681661999274" target="id_12376625569840.32558868667973107" >
    </edge>
    <edge name="id_12376625569840.3939525990853283" source="id_12376625569840.5560734925785834" target="id_12376625569840.3770232962794615" >
    </edge>
    <edge name="id_12376625569840.13701210854299073" source="id_12376625569840.766119194623429" target="id_12376625569840.46383404202100453" >
    </edge>
    <edge name="id_12376625569840.4371444386973623" source="id_12376625569840.36685397645443285" target="id_12376625569840.7059186841896273" >
    </edge>
    <edge name="id_12376625569840.7121819254244551" source="id_12376625569840.040568656054130625" target="id_12376625569840.002897234275140992" >
    </edge>
    <edge name="id_12376625569840.5171356692765969" source="id_12376625569840.04813876337737599" target="id_12376625569840.9884239852878065" >
    </edge>
    <edge name="id_12376625569840.5645636548990026" source="id_12376625569840.31759474622782946" target="id_12376625569840.5560734925785834" >
    </edge>
    <edge name="id_12376625569840.04362215460002106" source="id_12376625569840.766119194623429" target="id_12376625569840.49578219142526025" >
    </edge>
    <edge name="id_12376625569840.10313884593238287" source="id_12376625569840.8043194532611251" target="id_12376625569840.2729841933837238" >
    </edge>
    <edge name="id_12376625569840.8035905265455355" source="id_12376625569840.3887254408375649" target="id_12376625569840.11888038398381706" >
    </edge>
    <edge name="id_12376625569840.0749082395567926" source="id_12376625569840.31759474622782946" target="id_12376625569840.6998040772223365" >
    </edge>
    <edge name="id_12376625569840.2850699261370465" source="id_12376625569840.013233264340753337" target="id_12376625569840.31689779684628716" >
    </edge>
    <edge name="id_12376625569840.8606647507589885" source="id_12376625569840.1709230450029019" target="id_12376625569840.6413296588951919" >
    </edge>
    <edge name="id_12376625569840.4620251289516404" source="id_12376625569840.41123374745547525" target="id_12376625569840.1760023530478908" >
    </edge>
    <edge name="id_12376625569840.9888446338696261" source="id_12376625569840.5345406117411711" target="id_12376625569840.7132265633231013" >
    </edge>
    <edge name="id_12376625569840.8307306094188837" source="id_12376625569680.5340005385893387" target="id_12376625569840.36685397645443285" >
    </edge>
    <edge name="id_12376625569840.17403712171174668" source="id_12376625569840.994012146753922" target="id_12376625569840.013233264340753337" >
    </edge>
    <edge name="id_12376625569840.7114086483695583" source="id_12376625569840.4364217689802977" target="id_12376625569840.6295962531584315" >
    </edge>
    <edge name="id_12376625569840.23159144506754947" source="id_12376625569840.9242815227292102" target="id_12376625569840.9202345253766594" >
    </edge>
    <edge name="id_12376625569840.32139363787521924" source="id_12376625569840.9202345253766594" target="id_12376625569840.6331681661999274" >
    </edge>
    <edge name="id_12376625569840.3870234134399064" source="id_12376625569840.8076997619842261" target="id_12376625569840.2885086337302174" >
    </edge>
    <edge name="id_12376625569840.20780509531310498" source="id_12376625569840.9242815227292102" target="id_12376625569840.9150485099189325" >
    </edge>
    <edge name="id_12376625569840.321721483328986" source="id_12376625569840.7361063165945042" target="id_12376625569840.6586668872410093" >
    </edge>
    <edge name="id_12376625569840.4291803370138436" source="id_12376625569840.302692628928244" target="id_12376625569840.7757756224522008" >
    </edge>
    <edge name="id_12376625569840.2786443682159656" source="id_12376625569840.6481222174449435" target="id_12376625569840.8092113995607421" >
    </edge>
    <edge name="id_12376625569840.011251048793096463" source="id_12376625569840.7757756224522008" target="id_12376625569840.2722586190490308" >
    </edge>
    <edge name="id_12376625569840.918060431753861" source="id_12376625569840.302692628928244" target="id_12376625569840.766119194623429" >
    </edge>
    <edge name="id_12376625569840.2222154022264552" source="id_12376625569840.6295962531584315" target="id_12376625569840.8925247693011388" >
    </edge>
    <edge name="id_12376625569840.3128621477236251" source="id_12376625569840.7361063165945042" target="id_12376625569840.41123374745547525" >
    </edge>
    <edge name="id_12376625569840.611156679134253" source="id_12376625569840.6481222174449435" target="id_12376625569840.964423320193191" >
    </edge>
    <edge name="id_12376625569840.5207711569623833" source="id_12376625569840.05686729183082284" target="id_12376625569840.31759474622782946" >
    </edge>
    <edge name="id_12376625569840.20221100721646634" source="id_12376625569840.9150485099189325" target="id_12376625569840.1709230450029019" >
    </edge>
    <edge name="id_12376625569840.42980539673395524" source="id_12376625569840.36685397645443285" target="id_12376625569840.9242815227292102" >
    </edge>
    <edge name="id_12376625569840.49147204303507763" source="id_12376625569840.9202345253766594" target="id_12376625569840.040568656054130625" >
    </edge>
    <edge name="id_12376625569840.5114467139259009" source="id_12376625569840.6295962531584315" target="id_12376625569840.5698251855789271" >
    </edge>
    <edge name="id_12376625569840.9245975046393233" source="id_12376625569840.6998040772223365" target="id_12376625569840.5850222499071464" >
    </edge>
    <edge name="id_12376625569840.9217282064295239" source="id_12376625569840.7059186841896273" target="id_12376625569840.7361063165945042" >
    </edge>
    <edge name="id_12376625569840.1825911438539437" source="id_12376625569840.6586668872410093" target="id_12376625569840.41383886160468" >
    </edge>
    <edge name="id_12376625569840.6667191561638749" source="id_12376625569840.013233264340753337" target="id_12376625569840.3887254408375649" >
    </edge>
    <edge name="id_12376625569840.13618712866602556" source="id_12376625569840.05686729183082284" target="id_12376625569840.4364217689802977" >
    </edge>
    <edge name="id_12376625569840.9347787625073921" source="id_12376625569840.4364217689802977" target="id_12376625569840.8043194532611251" >
    </edge>
    <edge name="id_12376625569840.15431272384025407" source="id_12376625569840.41123374745547525" target="id_12376625569840.7744130468023366" >
    </edge>
    <edge name="id_12376625569840.25782869360904126" source="id_12376625569840.9150485099189325" target="id_12376625569840.5345406117411711" >
    </edge>
  </graph>
</GraphXML>
